Build started 12/19/2015 10:35:30 PM.
     1>Project "C:\Users\Edgar\Documents\Fall '15\CIS 17C\VS ProjectFolder\LinkedList\LinkedList\LinkedList.vcxproj" on node 2 (rebuild target(s)).
     1>_PrepareForClean:
         Deleting file "Debug\LinkedList.lastbuildstate".
       InitializeBuildStatus:
         Creating "Debug\LinkedList.unsuccessfulbuild" because "AlwaysCreate" was specified.
       ClCompile:
         C:\Program Files (x86)\Microsoft Visual Studio 10.0\VC\bin\CL.exe /c /ZI /nologo /W3 /WX- /Od /Oy- /D WIN32 /D _DEBUG /D _CONSOLE /D _UNICODE /D UNICODE /Gm /EHsc /RTC1 /MDd /GS /fp:precise /Zc:wchar_t /Zc:forScope /Fo"Debug\\" /Fd"Debug\vc100.pdb" /Gd /TP /analyze- /errorReport:prompt "..\..\..\..\..\Fall '15\CIS 17C\VS ProjectFolder\LinkedList\LinkedList\main.cpp"
         main.cpp
     1>c:\users\edgar\documents\fall '15\cis 17c\vs projectfolder\linkedlist\linkedlist\main.cpp(13): warning C4244: 'argument' : conversion from 'time_t' to 'unsigned int', possible loss of data
       Link:
         C:\Program Files (x86)\Microsoft Visual Studio 10.0\VC\bin\link.exe /ERRORREPORT:PROMPT /OUT:"C:\Users\Edgar\Documents\Fall '15\CIS 17C\VS ProjectFolder\LinkedList\Debug\LinkedList.exe" /INCREMENTAL:NO /NOLOGO kernel32.lib user32.lib gdi32.lib winspool.lib comdlg32.lib advapi32.lib shell32.lib ole32.lib oleaut32.lib uuid.lib odbc32.lib odbccp32.lib /MANIFEST /ManifestFile:"Debug\LinkedList.exe.intermediate.manifest" /MANIFESTUAC:"level='asInvoker' uiAccess='false'" /DEBUG /PDB:"C:\Users\Edgar\Documents\Fall '15\CIS 17C\VS ProjectFolder\LinkedList\Debug\LinkedList.pdb" /SUBSYSTEM:CONSOLE /TLBID:1 /DYNAMICBASE /NXCOMPAT /IMPLIB:"C:\Users\Edgar\Documents\Fall '15\CIS 17C\VS ProjectFolder\LinkedList\Debug\LinkedList.lib" /MACHINE:X86 Debug\main.obj
     1>main.obj : warning LNK4075: ignoring '/EDITANDCONTINUE' due to '/INCREMENTAL:NO' specification
         LinkedList.vcxproj -> C:\Users\Edgar\Documents\Fall '15\CIS 17C\VS ProjectFolder\LinkedList\Debug\LinkedList.exe
       Manifest:
         C:\Program Files (x86)\Microsoft SDKs\Windows\v7.0A\bin\mt.exe /nologo /verbose /outputresource:"C:\Users\Edgar\Documents\Fall '15\CIS 17C\VS ProjectFolder\LinkedList\Debug\LinkedList.exe;#1" /manifest Debug\LinkedList.exe.intermediate.manifest
       FinalizeBuildStatus:
         Deleting file "Debug\LinkedList.unsuccessfulbuild".
         Touching "Debug\LinkedList.lastbuildstate".
     1>Done Building Project "C:\Users\Edgar\Documents\Fall '15\CIS 17C\VS ProjectFolder\LinkedList\LinkedList\LinkedList.vcxproj" (rebuild target(s)).

Build succeeded.

Time Elapsed 00:00:05.15
