Build started 10/12/2015 2:32:07 AM.
     1>Project "C:\Users\Edgar\Documents\Fall '15\CIS 17C\VS ProjectFolder\A5Part1_VectorLinkedList\A5Part1_VectorLinkedList\A5Part1_VectorLinkedList.vcxproj" on node 2 (build target(s)).
     1>PrepareForBuild:
         Creating directory "C:\Users\Edgar\Documents\Fall '15\CIS 17C\VS ProjectFolder\A5Part1_VectorLinkedList\Debug\".
       InitializeBuildStatus:
         Creating "Debug\A5Part1_VectorLinkedList.unsuccessfulbuild" because "AlwaysCreate" was specified.
       ClCompile:
         C:\Program Files (x86)\Microsoft Visual Studio 10.0\VC\bin\CL.exe /c /ZI /nologo /W3 /WX- /Od /Oy- /D WIN32 /D _DEBUG /D _CONSOLE /D _UNICODE /D UNICODE /Gm /EHsc /RTC1 /MDd /GS /fp:precise /Zc:wchar_t /Zc:forScope /Fo"Debug\\" /Fd"Debug\vc100.pdb" /Gd /TP /analyze- /errorReport:prompt "..\..\..\..\..\Fall '15\CIS 17C\VS ProjectFolder\A5Part1_VectorLinkedList\A5Part1_VectorLinkedList\main.cpp" "..\..\..\..\..\Fall '15\CIS 17C\VS ProjectFolder\A5Part1_VectorLinkedList\A5Part1_VectorLinkedList\SimpleVector.cpp"
         SimpleVector.cpp
         main.cpp
         Generating Code...
       ManifestResourceCompile:
         C:\Program Files (x86)\Microsoft SDKs\Windows\v7.0A\bin\rc.exe /nologo /fo"Debug\A5Part1_VectorLinkedList.exe.embed.manifest.res" Debug\A5Part1_VectorLinkedList_manifest.rc 
       Link:
         C:\Program Files (x86)\Microsoft Visual Studio 10.0\VC\bin\link.exe /ERRORREPORT:PROMPT /OUT:"C:\Users\Edgar\Documents\Fall '15\CIS 17C\VS ProjectFolder\A5Part1_VectorLinkedList\Debug\A5Part1_VectorLinkedList.exe" /INCREMENTAL /NOLOGO kernel32.lib user32.lib gdi32.lib winspool.lib comdlg32.lib advapi32.lib shell32.lib ole32.lib oleaut32.lib uuid.lib odbc32.lib odbccp32.lib /MANIFEST /ManifestFile:"Debug\A5Part1_VectorLinkedList.exe.intermediate.manifest" /MANIFESTUAC:"level='asInvoker' uiAccess='false'" /DEBUG /PDB:"C:\Users\Edgar\Documents\Fall '15\CIS 17C\VS ProjectFolder\A5Part1_VectorLinkedList\Debug\A5Part1_VectorLinkedList.pdb" /SUBSYSTEM:CONSOLE /TLBID:1 /DYNAMICBASE /NXCOMPAT /IMPLIB:"C:\Users\Edgar\Documents\Fall '15\CIS 17C\VS ProjectFolder\A5Part1_VectorLinkedList\Debug\A5Part1_VectorLinkedList.lib" /MACHINE:X86 Debug\A5Part1_VectorLinkedList.exe.embed.manifest.res
         Debug\main.obj
         Debug\SimpleVector.obj
       Manifest:
         C:\Program Files (x86)\Microsoft SDKs\Windows\v7.0A\bin\mt.exe /nologo /verbose /out:"Debug\A5Part1_VectorLinkedList.exe.embed.manifest" /manifest Debug\A5Part1_VectorLinkedList.exe.intermediate.manifest
         C:\Program Files (x86)\Microsoft SDKs\Windows\v7.0A\bin\rc.exe /nologo /fo"Debug\A5Part1_VectorLinkedList.exe.embed.manifest.res" Debug\A5Part1_VectorLinkedList_manifest.rc 
       LinkEmbedManifest:
         C:\Program Files (x86)\Microsoft Visual Studio 10.0\VC\bin\link.exe /ERRORREPORT:PROMPT /OUT:"C:\Users\Edgar\Documents\Fall '15\CIS 17C\VS ProjectFolder\A5Part1_VectorLinkedList\Debug\A5Part1_VectorLinkedList.exe" /INCREMENTAL /NOLOGO kernel32.lib user32.lib gdi32.lib winspool.lib comdlg32.lib advapi32.lib shell32.lib ole32.lib oleaut32.lib uuid.lib odbc32.lib odbccp32.lib /MANIFEST /ManifestFile:"Debug\A5Part1_VectorLinkedList.exe.intermediate.manifest" /MANIFESTUAC:"level='asInvoker' uiAccess='false'" /DEBUG /PDB:"C:\Users\Edgar\Documents\Fall '15\CIS 17C\VS ProjectFolder\A5Part1_VectorLinkedList\Debug\A5Part1_VectorLinkedList.pdb" /SUBSYSTEM:CONSOLE /TLBID:1 /DYNAMICBASE /NXCOMPAT /IMPLIB:"C:\Users\Edgar\Documents\Fall '15\CIS 17C\VS ProjectFolder\A5Part1_VectorLinkedList\Debug\A5Part1_VectorLinkedList.lib" /MACHINE:X86 Debug\A5Part1_VectorLinkedList.exe.embed.manifest.res
         Debug\main.obj
         Debug\SimpleVector.obj
         A5Part1_VectorLinkedList.vcxproj -> C:\Users\Edgar\Documents\Fall '15\CIS 17C\VS ProjectFolder\A5Part1_VectorLinkedList\Debug\A5Part1_VectorLinkedList.exe
       FinalizeBuildStatus:
         Deleting file "Debug\A5Part1_VectorLinkedList.unsuccessfulbuild".
         Touching "Debug\A5Part1_VectorLinkedList.lastbuildstate".
     1>Done Building Project "C:\Users\Edgar\Documents\Fall '15\CIS 17C\VS ProjectFolder\A5Part1_VectorLinkedList\A5Part1_VectorLinkedList\A5Part1_VectorLinkedList.vcxproj" (build target(s)).

Build succeeded.

Time Elapsed 00:00:05.12
