Build started 10/1/2015 12:54:08 PM.
     1>Project "C:\Users\Edgar\Documents\Fall '15\CIS 17C\VS ProjectFolder\VectorLinkedList2\VectorLinkedList2\VectorLinkedList2.vcxproj" on node 2 (build target(s)).
     1>InitializeBuildStatus:
         Creating "Debug\VectorLinkedList2.unsuccessfulbuild" because "AlwaysCreate" was specified.
       ClCompile:
         C:\Program Files (x86)\Microsoft Visual Studio 10.0\VC\bin\CL.exe /c /ZI /nologo /W3 /WX- /Od /Oy- /D WIN32 /D _DEBUG /D _CONSOLE /D _UNICODE /D UNICODE /Gm /EHsc /RTC1 /MDd /GS /fp:precise /Zc:wchar_t /Zc:forScope /Fo"Debug\\" /Fd"Debug\vc100.pdb" /Gd /TP /analyze- /errorReport:prompt "..\..\..\..\..\Fall '15\CIS 17C\VS ProjectFolder\VectorLinkedList2\VectorLinkedList2\main.cpp"
         main.cpp
       Link:
         C:\Program Files (x86)\Microsoft Visual Studio 10.0\VC\bin\link.exe /ERRORREPORT:PROMPT /OUT:"C:\Users\Edgar\Documents\Fall '15\CIS 17C\VS ProjectFolder\VectorLinkedList2\Debug\VectorLinkedList2.exe" /INCREMENTAL:NO /NOLOGO kernel32.lib user32.lib gdi32.lib winspool.lib comdlg32.lib advapi32.lib shell32.lib ole32.lib oleaut32.lib uuid.lib odbc32.lib odbccp32.lib /MANIFEST /ManifestFile:"Debug\VectorLinkedList2.exe.intermediate.manifest" /MANIFESTUAC:"level='asInvoker' uiAccess='false'" /DEBUG /PDB:"C:\Users\Edgar\Documents\Fall '15\CIS 17C\VS ProjectFolder\VectorLinkedList2\Debug\VectorLinkedList2.pdb" /SUBSYSTEM:CONSOLE /TLBID:1 /DYNAMICBASE /NXCOMPAT /IMPLIB:"C:\Users\Edgar\Documents\Fall '15\CIS 17C\VS ProjectFolder\VectorLinkedList2\Debug\VectorLinkedList2.lib" /MACHINE:X86 Debug\main.obj
         Debug\SimpleVector.obj
     1>main.obj : warning LNK4075: ignoring '/EDITANDCONTINUE' due to '/INCREMENTAL:NO' specification
         VectorLinkedList2.vcxproj -> C:\Users\Edgar\Documents\Fall '15\CIS 17C\VS ProjectFolder\VectorLinkedList2\Debug\VectorLinkedList2.exe
       Manifest:
         C:\Program Files (x86)\Microsoft SDKs\Windows\v7.0A\bin\mt.exe /nologo /verbose /outputresource:"C:\Users\Edgar\Documents\Fall '15\CIS 17C\VS ProjectFolder\VectorLinkedList2\Debug\VectorLinkedList2.exe;#1" /manifest Debug\VectorLinkedList2.exe.intermediate.manifest
       FinalizeBuildStatus:
         Deleting file "Debug\VectorLinkedList2.unsuccessfulbuild".
         Touching "Debug\VectorLinkedList2.lastbuildstate".
     1>Done Building Project "C:\Users\Edgar\Documents\Fall '15\CIS 17C\VS ProjectFolder\VectorLinkedList2\VectorLinkedList2\VectorLinkedList2.vcxproj" (build target(s)).

Build succeeded.

Time Elapsed 00:00:01.68
