Build started 12/20/2015 3:31:36 AM.
     1>Project "C:\Users\Edgar\Documents\Fall '15\CIS 17C\VS ProjectFolder\FinalStack\FinalStack\FinalStack.vcxproj" on node 2 (rebuild target(s)).
     1>_PrepareForClean:
         Deleting file "Debug\FinalStack.lastbuildstate".
       InitializeBuildStatus:
         Creating "Debug\FinalStack.unsuccessfulbuild" because "AlwaysCreate" was specified.
       ClCompile:
         C:\Program Files (x86)\Microsoft Visual Studio 10.0\VC\bin\CL.exe /c /ZI /nologo /W3 /WX- /Od /Oy- /D WIN32 /D _DEBUG /D _CONSOLE /D _UNICODE /D UNICODE /Gm /EHsc /RTC1 /MDd /GS /fp:precise /Zc:wchar_t /Zc:forScope /Fo"Debug\\" /Fd"Debug\vc100.pdb" /Gd /TP /analyze- /errorReport:prompt "..\..\..\..\..\Fall '15\CIS 17C\VS ProjectFolder\FinalStack\FinalStack\main.cpp" "..\..\..\..\..\Fall '15\CIS 17C\VS ProjectFolder\FinalStack\FinalStack\Stack.cpp"
         Stack.cpp
         main.cpp
     1>c:\users\edgar\documents\fall '15\cis 17c\vs projectfolder\finalstack\finalstack\main.cpp(56): warning C4305: 'initializing' : truncation from 'double' to 'float'
     1>c:\users\edgar\documents\fall '15\cis 17c\vs projectfolder\finalstack\finalstack\main.cpp(65): warning C4305: 'initializing' : truncation from 'double' to 'float'
         Generating Code...
       ManifestResourceCompile:
         C:\Program Files (x86)\Microsoft SDKs\Windows\v7.0A\bin\rc.exe /nologo /fo"Debug\FinalStack.exe.embed.manifest.res" Debug\FinalStack_manifest.rc 
       Link:
         C:\Program Files (x86)\Microsoft Visual Studio 10.0\VC\bin\link.exe /ERRORREPORT:PROMPT /OUT:"C:\Users\Edgar\Documents\Fall '15\CIS 17C\VS ProjectFolder\FinalStack\Debug\FinalStack.exe" /INCREMENTAL /NOLOGO kernel32.lib user32.lib gdi32.lib winspool.lib comdlg32.lib advapi32.lib shell32.lib ole32.lib oleaut32.lib uuid.lib odbc32.lib odbccp32.lib /MANIFEST /ManifestFile:"Debug\FinalStack.exe.intermediate.manifest" /MANIFESTUAC:"level='asInvoker' uiAccess='false'" /DEBUG /PDB:"C:\Users\Edgar\Documents\Fall '15\CIS 17C\VS ProjectFolder\FinalStack\Debug\FinalStack.pdb" /SUBSYSTEM:CONSOLE /TLBID:1 /DYNAMICBASE /NXCOMPAT /IMPLIB:"C:\Users\Edgar\Documents\Fall '15\CIS 17C\VS ProjectFolder\FinalStack\Debug\FinalStack.lib" /MACHINE:X86 Debug\FinalStack.exe.embed.manifest.res
         Debug\main.obj
         Debug\Stack.obj
       Manifest:
         Deleting file "Debug\FinalStack.exe.embed.manifest".
         C:\Program Files (x86)\Microsoft SDKs\Windows\v7.0A\bin\mt.exe /nologo /verbose /out:"Debug\FinalStack.exe.embed.manifest" /manifest Debug\FinalStack.exe.intermediate.manifest
         C:\Program Files (x86)\Microsoft SDKs\Windows\v7.0A\bin\rc.exe /nologo /fo"Debug\FinalStack.exe.embed.manifest.res" Debug\FinalStack_manifest.rc 
       LinkEmbedManifest:
         C:\Program Files (x86)\Microsoft Visual Studio 10.0\VC\bin\link.exe /ERRORREPORT:PROMPT /OUT:"C:\Users\Edgar\Documents\Fall '15\CIS 17C\VS ProjectFolder\FinalStack\Debug\FinalStack.exe" /INCREMENTAL /NOLOGO kernel32.lib user32.lib gdi32.lib winspool.lib comdlg32.lib advapi32.lib shell32.lib ole32.lib oleaut32.lib uuid.lib odbc32.lib odbccp32.lib /MANIFEST /ManifestFile:"Debug\FinalStack.exe.intermediate.manifest" /MANIFESTUAC:"level='asInvoker' uiAccess='false'" /DEBUG /PDB:"C:\Users\Edgar\Documents\Fall '15\CIS 17C\VS ProjectFolder\FinalStack\Debug\FinalStack.pdb" /SUBSYSTEM:CONSOLE /TLBID:1 /DYNAMICBASE /NXCOMPAT /IMPLIB:"C:\Users\Edgar\Documents\Fall '15\CIS 17C\VS ProjectFolder\FinalStack\Debug\FinalStack.lib" /MACHINE:X86 Debug\FinalStack.exe.embed.manifest.res
         Debug\main.obj
         Debug\Stack.obj
         FinalStack.vcxproj -> C:\Users\Edgar\Documents\Fall '15\CIS 17C\VS ProjectFolder\FinalStack\Debug\FinalStack.exe
       FinalizeBuildStatus:
         Deleting file "Debug\FinalStack.unsuccessfulbuild".
         Touching "Debug\FinalStack.lastbuildstate".
     1>Done Building Project "C:\Users\Edgar\Documents\Fall '15\CIS 17C\VS ProjectFolder\FinalStack\FinalStack\FinalStack.vcxproj" (rebuild target(s)).

Build succeeded.

Time Elapsed 00:00:04.39
