C:\USERS\EDGAR\DOCUMENTS\FALL '15\CIS 17C\VS PROJECTFOLDER\FINALSTACK\DEBUG\FINALSTACK.EXE
C:\USERS\EDGAR\DOCUMENTS\FALL '15\CIS 17C\VS PROJECTFOLDER\FINALSTACK\DEBUG\FINALSTACK.ILK
C:\USERS\EDGAR\DOCUMENTS\FALL '15\CIS 17C\VS PROJECTFOLDER\FINALSTACK\DEBUG\FINALSTACK.PDB
C:\Users\Edgar\Documents\Fall '15\CIS 17C\VS ProjectFolder\FinalStack\FinalStack\Debug\cl.command.1.tlog
C:\Users\Edgar\Documents\Fall '15\CIS 17C\VS ProjectFolder\FinalStack\FinalStack\Debug\CL.read.1.tlog
C:\Users\Edgar\Documents\Fall '15\CIS 17C\VS ProjectFolder\FinalStack\FinalStack\Debug\CL.write.1.tlog
C:\USERS\EDGAR\DOCUMENTS\FALL '15\CIS 17C\VS PROJECTFOLDER\FINALSTACK\FINALSTACK\DEBUG\FINALSTACK.EXE.EMBED.MANIFEST
C:\USERS\EDGAR\DOCUMENTS\FALL '15\CIS 17C\VS PROJECTFOLDER\FINALSTACK\FINALSTACK\DEBUG\FINALSTACK.EXE.EMBED.MANIFEST.RES
C:\USERS\EDGAR\DOCUMENTS\FALL '15\CIS 17C\VS PROJECTFOLDER\FINALSTACK\FINALSTACK\DEBUG\FINALSTACK.EXE.INTERMEDIATE.MANIFEST
C:\Users\Edgar\Documents\Fall '15\CIS 17C\VS ProjectFolder\FinalStack\FinalStack\Debug\FinalStack.write.1.tlog
C:\Users\Edgar\Documents\Fall '15\CIS 17C\VS ProjectFolder\FinalStack\FinalStack\Debug\FinalStack_manifest.rc
C:\Users\Edgar\Documents\Fall '15\CIS 17C\VS ProjectFolder\FinalStack\FinalStack\Debug\link.5668.read.1.tlog
C:\Users\Edgar\Documents\Fall '15\CIS 17C\VS ProjectFolder\FinalStack\FinalStack\Debug\link.5668.write.1.tlog
C:\Users\Edgar\Documents\Fall '15\CIS 17C\VS ProjectFolder\FinalStack\FinalStack\Debug\link.5668-cvtres.read.1.tlog
C:\Users\Edgar\Documents\Fall '15\CIS 17C\VS ProjectFolder\FinalStack\FinalStack\Debug\link.5668-cvtres.write.1.tlog
C:\Users\Edgar\Documents\Fall '15\CIS 17C\VS ProjectFolder\FinalStack\FinalStack\Debug\link.command.1.tlog
C:\Users\Edgar\Documents\Fall '15\CIS 17C\VS ProjectFolder\FinalStack\FinalStack\Debug\link.read.1.tlog
C:\Users\Edgar\Documents\Fall '15\CIS 17C\VS ProjectFolder\FinalStack\FinalStack\Debug\link.write.1.tlog
C:\Users\Edgar\Documents\Fall '15\CIS 17C\VS ProjectFolder\FinalStack\FinalStack\Debug\link-cvtres.read.1.tlog
C:\Users\Edgar\Documents\Fall '15\CIS 17C\VS ProjectFolder\FinalStack\FinalStack\Debug\link-cvtres.write.1.tlog
C:\USERS\EDGAR\DOCUMENTS\FALL '15\CIS 17C\VS PROJECTFOLDER\FINALSTACK\FINALSTACK\DEBUG\MAIN.OBJ
C:\Users\Edgar\Documents\Fall '15\CIS 17C\VS ProjectFolder\FinalStack\FinalStack\Debug\mt.command.1.tlog
C:\Users\Edgar\Documents\Fall '15\CIS 17C\VS ProjectFolder\FinalStack\FinalStack\Debug\mt.read.1.tlog
C:\Users\Edgar\Documents\Fall '15\CIS 17C\VS ProjectFolder\FinalStack\FinalStack\Debug\mt.write.1.tlog
C:\Users\Edgar\Documents\Fall '15\CIS 17C\VS ProjectFolder\FinalStack\FinalStack\Debug\rc.command.1.tlog
C:\Users\Edgar\Documents\Fall '15\CIS 17C\VS ProjectFolder\FinalStack\FinalStack\Debug\rc.read.1.tlog
C:\Users\Edgar\Documents\Fall '15\CIS 17C\VS ProjectFolder\FinalStack\FinalStack\Debug\rc.write.1.tlog
C:\USERS\EDGAR\DOCUMENTS\FALL '15\CIS 17C\VS PROJECTFOLDER\FINALSTACK\FINALSTACK\DEBUG\STACK.OBJ
C:\Users\Edgar\Documents\Fall '15\CIS 17C\VS ProjectFolder\FinalStack\FinalStack\Debug\vc100.idb
C:\USERS\EDGAR\DOCUMENTS\FALL '15\CIS 17C\VS PROJECTFOLDER\FINALSTACK\FINALSTACK\DEBUG\VC100.PDB
