C:\USERS\EDGAR\DOCUMENTS\FALL '15\CIS 17C\VS PROJECTFOLDER\MINESWEEPER\DEBUG\MINESWEEPER.EXE
C:\USERS\EDGAR\DOCUMENTS\FALL '15\CIS 17C\VS PROJECTFOLDER\MINESWEEPER\DEBUG\MINESWEEPER.ILK
C:\USERS\EDGAR\DOCUMENTS\FALL '15\CIS 17C\VS PROJECTFOLDER\MINESWEEPER\DEBUG\MINESWEEPER.PDB
C:\Users\Edgar\Documents\Fall '15\CIS 17C\VS ProjectFolder\Minesweeper\Minesweeper\Debug\cl.command.1.tlog
C:\Users\Edgar\Documents\Fall '15\CIS 17C\VS ProjectFolder\Minesweeper\Minesweeper\Debug\CL.read.1.tlog
C:\Users\Edgar\Documents\Fall '15\CIS 17C\VS ProjectFolder\Minesweeper\Minesweeper\Debug\CL.write.1.tlog
C:\Users\Edgar\Documents\Fall '15\CIS 17C\VS ProjectFolder\Minesweeper\Minesweeper\Debug\link.5264.read.1.tlog
C:\Users\Edgar\Documents\Fall '15\CIS 17C\VS ProjectFolder\Minesweeper\Minesweeper\Debug\link.5264.write.1.tlog
C:\Users\Edgar\Documents\Fall '15\CIS 17C\VS ProjectFolder\Minesweeper\Minesweeper\Debug\link.5264-cvtres.read.1.tlog
C:\Users\Edgar\Documents\Fall '15\CIS 17C\VS ProjectFolder\Minesweeper\Minesweeper\Debug\link.5264-cvtres.write.1.tlog
C:\Users\Edgar\Documents\Fall '15\CIS 17C\VS ProjectFolder\Minesweeper\Minesweeper\Debug\link.command.1.tlog
C:\Users\Edgar\Documents\Fall '15\CIS 17C\VS ProjectFolder\Minesweeper\Minesweeper\Debug\link.read.1.tlog
C:\Users\Edgar\Documents\Fall '15\CIS 17C\VS ProjectFolder\Minesweeper\Minesweeper\Debug\link.write.1.tlog
C:\Users\Edgar\Documents\Fall '15\CIS 17C\VS ProjectFolder\Minesweeper\Minesweeper\Debug\link-cvtres.read.1.tlog
C:\Users\Edgar\Documents\Fall '15\CIS 17C\VS ProjectFolder\Minesweeper\Minesweeper\Debug\link-cvtres.write.1.tlog
C:\USERS\EDGAR\DOCUMENTS\FALL '15\CIS 17C\VS PROJECTFOLDER\MINESWEEPER\MINESWEEPER\DEBUG\MAIN.OBJ
C:\USERS\EDGAR\DOCUMENTS\FALL '15\CIS 17C\VS PROJECTFOLDER\MINESWEEPER\MINESWEEPER\DEBUG\MINEFIELD.OBJ
C:\USERS\EDGAR\DOCUMENTS\FALL '15\CIS 17C\VS PROJECTFOLDER\MINESWEEPER\MINESWEEPER\DEBUG\MINESWEEPER.EXE.EMBED.MANIFEST
C:\USERS\EDGAR\DOCUMENTS\FALL '15\CIS 17C\VS PROJECTFOLDER\MINESWEEPER\MINESWEEPER\DEBUG\MINESWEEPER.EXE.EMBED.MANIFEST.RES
C:\USERS\EDGAR\DOCUMENTS\FALL '15\CIS 17C\VS PROJECTFOLDER\MINESWEEPER\MINESWEEPER\DEBUG\MINESWEEPER.EXE.INTERMEDIATE.MANIFEST
C:\Users\Edgar\Documents\Fall '15\CIS 17C\VS ProjectFolder\Minesweeper\Minesweeper\Debug\Minesweeper.vcxprojResolveAssemblyReference.cache
C:\Users\Edgar\Documents\Fall '15\CIS 17C\VS ProjectFolder\Minesweeper\Minesweeper\Debug\Minesweeper.write.1.tlog
C:\Users\Edgar\Documents\Fall '15\CIS 17C\VS ProjectFolder\Minesweeper\Minesweeper\Debug\Minesweeper_manifest.rc
C:\Users\Edgar\Documents\Fall '15\CIS 17C\VS ProjectFolder\Minesweeper\Minesweeper\Debug\mt.command.1.tlog
C:\Users\Edgar\Documents\Fall '15\CIS 17C\VS ProjectFolder\Minesweeper\Minesweeper\Debug\mt.read.1.tlog
C:\Users\Edgar\Documents\Fall '15\CIS 17C\VS ProjectFolder\Minesweeper\Minesweeper\Debug\mt.write.1.tlog
C:\Users\Edgar\Documents\Fall '15\CIS 17C\VS ProjectFolder\Minesweeper\Minesweeper\Debug\rc.command.1.tlog
C:\Users\Edgar\Documents\Fall '15\CIS 17C\VS ProjectFolder\Minesweeper\Minesweeper\Debug\rc.read.1.tlog
C:\Users\Edgar\Documents\Fall '15\CIS 17C\VS ProjectFolder\Minesweeper\Minesweeper\Debug\rc.write.1.tlog
C:\Users\Edgar\Documents\Fall '15\CIS 17C\VS ProjectFolder\Minesweeper\Minesweeper\Debug\vc100.idb
C:\USERS\EDGAR\DOCUMENTS\FALL '15\CIS 17C\VS PROJECTFOLDER\MINESWEEPER\MINESWEEPER\DEBUG\VC100.PDB
