Build started 11/19/2015 10:10:24 PM.
     1>Project "C:\Users\Edgar\Documents\Fall '15\CIS 17C\VS ProjectFolder\Minesweeper\Minesweeper\Minesweeper.vcxproj" on node 2 (rebuild target(s)).
     1>_PrepareForClean:
         Deleting file "Debug\Minesweeper.lastbuildstate".
       InitializeBuildStatus:
         Creating "Debug\Minesweeper.unsuccessfulbuild" because "AlwaysCreate" was specified.
       ClCompile:
         C:\Program Files (x86)\Microsoft Visual Studio 10.0\VC\bin\CL.exe /c /ZI /nologo /W3 /WX- /Od /Oy- /D WIN32 /D _DEBUG /D _CONSOLE /D _UNICODE /D UNICODE /Gm /EHsc /RTC1 /MDd /GS /fp:precise /Zc:wchar_t /Zc:forScope /Fo"Debug\\" /Fd"Debug\vc100.pdb" /Gd /TP /analyze- /errorReport:prompt "..\..\..\..\..\Fall '15\CIS 17C\VS ProjectFolder\Minesweeper\Minesweeper\main.cpp" "..\..\..\..\..\Fall '15\CIS 17C\VS ProjectFolder\Minesweeper\Minesweeper\Minefield.cpp"
         Minefield.cpp
     1>c:\users\edgar\documents\fall '15\cis 17c\vs projectfolder\minesweeper\minesweeper\minefield.cpp(90): warning C4309: 'initializing' : truncation of constant value
     1>c:\users\edgar\documents\fall '15\cis 17c\vs projectfolder\minesweeper\minesweeper\minefield.cpp(208): warning C4309: 'initializing' : truncation of constant value
         main.cpp
         Generating Code...
       ManifestResourceCompile:
         C:\Program Files (x86)\Microsoft SDKs\Windows\v7.0A\bin\rc.exe /nologo /fo"Debug\Minesweeper.exe.embed.manifest.res" Debug\Minesweeper_manifest.rc 
       Link:
         C:\Program Files (x86)\Microsoft Visual Studio 10.0\VC\bin\link.exe /ERRORREPORT:PROMPT /OUT:"C:\Users\Edgar\Documents\Fall '15\CIS 17C\VS ProjectFolder\Minesweeper\Debug\Minesweeper.exe" /INCREMENTAL /NOLOGO kernel32.lib user32.lib gdi32.lib winspool.lib comdlg32.lib advapi32.lib shell32.lib ole32.lib oleaut32.lib uuid.lib odbc32.lib odbccp32.lib /MANIFEST /ManifestFile:"Debug\Minesweeper.exe.intermediate.manifest" /MANIFESTUAC:"level='asInvoker' uiAccess='false'" /DEBUG /PDB:"C:\Users\Edgar\Documents\Fall '15\CIS 17C\VS ProjectFolder\Minesweeper\Debug\Minesweeper.pdb" /SUBSYSTEM:CONSOLE /TLBID:1 /DYNAMICBASE /NXCOMPAT /IMPLIB:"C:\Users\Edgar\Documents\Fall '15\CIS 17C\VS ProjectFolder\Minesweeper\Debug\Minesweeper.lib" /MACHINE:X86 Debug\Minesweeper.exe.embed.manifest.res
         Debug\main.obj
         Debug\Minefield.obj
       Manifest:
         Deleting file "Debug\Minesweeper.exe.embed.manifest".
         C:\Program Files (x86)\Microsoft SDKs\Windows\v7.0A\bin\mt.exe /nologo /verbose /out:"Debug\Minesweeper.exe.embed.manifest" /manifest Debug\Minesweeper.exe.intermediate.manifest
         C:\Program Files (x86)\Microsoft SDKs\Windows\v7.0A\bin\rc.exe /nologo /fo"Debug\Minesweeper.exe.embed.manifest.res" Debug\Minesweeper_manifest.rc 
       LinkEmbedManifest:
         C:\Program Files (x86)\Microsoft Visual Studio 10.0\VC\bin\link.exe /ERRORREPORT:PROMPT /OUT:"C:\Users\Edgar\Documents\Fall '15\CIS 17C\VS ProjectFolder\Minesweeper\Debug\Minesweeper.exe" /INCREMENTAL /NOLOGO kernel32.lib user32.lib gdi32.lib winspool.lib comdlg32.lib advapi32.lib shell32.lib ole32.lib oleaut32.lib uuid.lib odbc32.lib odbccp32.lib /MANIFEST /ManifestFile:"Debug\Minesweeper.exe.intermediate.manifest" /MANIFESTUAC:"level='asInvoker' uiAccess='false'" /DEBUG /PDB:"C:\Users\Edgar\Documents\Fall '15\CIS 17C\VS ProjectFolder\Minesweeper\Debug\Minesweeper.pdb" /SUBSYSTEM:CONSOLE /TLBID:1 /DYNAMICBASE /NXCOMPAT /IMPLIB:"C:\Users\Edgar\Documents\Fall '15\CIS 17C\VS ProjectFolder\Minesweeper\Debug\Minesweeper.lib" /MACHINE:X86 Debug\Minesweeper.exe.embed.manifest.res
         Debug\main.obj
         Debug\Minefield.obj
         Minesweeper.vcxproj -> C:\Users\Edgar\Documents\Fall '15\CIS 17C\VS ProjectFolder\Minesweeper\Debug\Minesweeper.exe
       FinalizeBuildStatus:
         Deleting file "Debug\Minesweeper.unsuccessfulbuild".
         Touching "Debug\Minesweeper.lastbuildstate".
     1>Done Building Project "C:\Users\Edgar\Documents\Fall '15\CIS 17C\VS ProjectFolder\Minesweeper\Minesweeper\Minesweeper.vcxproj" (rebuild target(s)).

Build succeeded.

Time Elapsed 00:00:04.38
