Build started 9/18/2015 6:45:23 PM.
     1>Project "C:\Users\Edgar\Documents\Fall '15\CIS 17C\VS ProjectFolder\SimpleVector4\SimpleVector4\SimpleVector4.vcxproj" on node 2 (build target(s)).
     1>InitializeBuildStatus:
         Creating "Debug\SimpleVector4.unsuccessfulbuild" because "AlwaysCreate" was specified.
       ClCompile:
         C:\Program Files (x86)\Microsoft Visual Studio 10.0\VC\bin\CL.exe /c /ZI /nologo /W3 /WX- /Od /Oy- /D WIN32 /D _DEBUG /D _CONSOLE /D _UNICODE /D UNICODE /Gm /EHsc /RTC1 /MDd /GS /fp:precise /Zc:wchar_t /Zc:forScope /Fo"Debug\\" /Fd"Debug\vc100.pdb" /Gd /TP /analyze- /errorReport:prompt "..\..\..\..\..\Fall '15\CIS 17C\VS ProjectFolder\SimpleVector4\SimpleVector4\main.cpp"
         main.cpp
       ManifestResourceCompile:
         All outputs are up-to-date.
       Link:
         C:\Program Files (x86)\Microsoft Visual Studio 10.0\VC\bin\link.exe /ERRORREPORT:PROMPT /OUT:"C:\Users\Edgar\Documents\Fall '15\CIS 17C\VS ProjectFolder\SimpleVector4\Debug\SimpleVector4.exe" /INCREMENTAL /NOLOGO kernel32.lib user32.lib gdi32.lib winspool.lib comdlg32.lib advapi32.lib shell32.lib ole32.lib oleaut32.lib uuid.lib odbc32.lib odbccp32.lib /MANIFEST /ManifestFile:"Debug\SimpleVector4.exe.intermediate.manifest" /MANIFESTUAC:"level='asInvoker' uiAccess='false'" /DEBUG /PDB:"C:\Users\Edgar\Documents\Fall '15\CIS 17C\VS ProjectFolder\SimpleVector4\Debug\SimpleVector4.pdb" /SUBSYSTEM:CONSOLE /TLBID:1 /DYNAMICBASE /NXCOMPAT /IMPLIB:"C:\Users\Edgar\Documents\Fall '15\CIS 17C\VS ProjectFolder\SimpleVector4\Debug\SimpleVector4.lib" /MACHINE:X86 Debug\SimpleVector4.exe.embed.manifest.res
         Debug\main.obj
       Manifest:
         C:\Program Files (x86)\Microsoft SDKs\Windows\v7.0A\bin\mt.exe /nologo /verbose /out:"Debug\SimpleVector4.exe.embed.manifest" /manifest Debug\SimpleVector4.exe.intermediate.manifest
         All outputs are up-to-date.
       LinkEmbedManifest:
         All outputs are up-to-date.
         SimpleVector4.vcxproj -> C:\Users\Edgar\Documents\Fall '15\CIS 17C\VS ProjectFolder\SimpleVector4\Debug\SimpleVector4.exe
       FinalizeBuildStatus:
         Deleting file "Debug\SimpleVector4.unsuccessfulbuild".
         Touching "Debug\SimpleVector4.lastbuildstate".
     1>Done Building Project "C:\Users\Edgar\Documents\Fall '15\CIS 17C\VS ProjectFolder\SimpleVector4\SimpleVector4\SimpleVector4.vcxproj" (build target(s)).

Build succeeded.

Time Elapsed 00:00:01.79
