Build started 12/18/2015 12:28:01 PM.
     1>Project "C:\Users\Edgar\Documents\Fall '15\CIS 17C\VS ProjectFolder\Minesweeper2\Minesweeper2\Minesweeper2.vcxproj" on node 2 (rebuild target(s)).
     1>InitializeBuildStatus:
         Creating "Debug\Minesweeper2.unsuccessfulbuild" because "AlwaysCreate" was specified.
       ClCompile:
         C:\Program Files (x86)\Microsoft Visual Studio 10.0\VC\bin\CL.exe /c /ZI /nologo /W3 /WX- /Od /Oy- /D WIN32 /D _DEBUG /D _CONSOLE /D _UNICODE /D UNICODE /Gm /EHsc /RTC1 /MDd /GS /fp:precise /Zc:wchar_t /Zc:forScope /Fo"Debug\\" /Fd"Debug\vc100.pdb" /Gd /TP /analyze- /errorReport:prompt "..\..\..\..\..\Fall '15\CIS 17C\VS ProjectFolder\Minesweeper2\Minesweeper2\BinaryTree.cpp" "..\..\..\..\..\Fall '15\CIS 17C\VS ProjectFolder\Minesweeper2\Minesweeper2\main.cpp" "..\..\..\..\..\Fall '15\CIS 17C\VS ProjectFolder\Minesweeper2\Minesweeper2\Minefield.cpp"
         Minefield.cpp
     1>c:\users\edgar\documents\fall '15\cis 17c\vs projectfolder\minesweeper2\minesweeper2\minefield.cpp(107): warning C4309: 'initializing' : truncation of constant value
     1>c:\users\edgar\documents\fall '15\cis 17c\vs projectfolder\minesweeper2\minesweeper2\minefield.cpp(225): warning C4309: 'initializing' : truncation of constant value
         main.cpp
         BinaryTree.cpp
         Generating Code...
       ManifestResourceCompile:
         C:\Program Files (x86)\Microsoft SDKs\Windows\v7.0A\bin\rc.exe /nologo /fo"Debug\Minesweeper2.exe.embed.manifest.res" Debug\Minesweeper2_manifest.rc 
       Link:
         C:\Program Files (x86)\Microsoft Visual Studio 10.0\VC\bin\link.exe /ERRORREPORT:PROMPT /OUT:"C:\Users\Edgar\Documents\Fall '15\CIS 17C\VS ProjectFolder\Minesweeper2\Debug\Minesweeper2.exe" /INCREMENTAL /NOLOGO kernel32.lib user32.lib gdi32.lib winspool.lib comdlg32.lib advapi32.lib shell32.lib ole32.lib oleaut32.lib uuid.lib odbc32.lib odbccp32.lib /MANIFEST /ManifestFile:"Debug\Minesweeper2.exe.intermediate.manifest" /MANIFESTUAC:"level='asInvoker' uiAccess='false'" /DEBUG /PDB:"C:\Users\Edgar\Documents\Fall '15\CIS 17C\VS ProjectFolder\Minesweeper2\Debug\Minesweeper2.pdb" /SUBSYSTEM:CONSOLE /TLBID:1 /DYNAMICBASE /NXCOMPAT /IMPLIB:"C:\Users\Edgar\Documents\Fall '15\CIS 17C\VS ProjectFolder\Minesweeper2\Debug\Minesweeper2.lib" /MACHINE:X86 Debug\Minesweeper2.exe.embed.manifest.res
         Debug\BinaryTree.obj
         Debug\main.obj
         Debug\Minefield.obj
       Manifest:
         Deleting file "Debug\Minesweeper2.exe.embed.manifest".
         C:\Program Files (x86)\Microsoft SDKs\Windows\v7.0A\bin\mt.exe /nologo /verbose /out:"Debug\Minesweeper2.exe.embed.manifest" /manifest Debug\Minesweeper2.exe.intermediate.manifest
         C:\Program Files (x86)\Microsoft SDKs\Windows\v7.0A\bin\rc.exe /nologo /fo"Debug\Minesweeper2.exe.embed.manifest.res" Debug\Minesweeper2_manifest.rc 
       LinkEmbedManifest:
         C:\Program Files (x86)\Microsoft Visual Studio 10.0\VC\bin\link.exe /ERRORREPORT:PROMPT /OUT:"C:\Users\Edgar\Documents\Fall '15\CIS 17C\VS ProjectFolder\Minesweeper2\Debug\Minesweeper2.exe" /INCREMENTAL /NOLOGO kernel32.lib user32.lib gdi32.lib winspool.lib comdlg32.lib advapi32.lib shell32.lib ole32.lib oleaut32.lib uuid.lib odbc32.lib odbccp32.lib /MANIFEST /ManifestFile:"Debug\Minesweeper2.exe.intermediate.manifest" /MANIFESTUAC:"level='asInvoker' uiAccess='false'" /DEBUG /PDB:"C:\Users\Edgar\Documents\Fall '15\CIS 17C\VS ProjectFolder\Minesweeper2\Debug\Minesweeper2.pdb" /SUBSYSTEM:CONSOLE /TLBID:1 /DYNAMICBASE /NXCOMPAT /IMPLIB:"C:\Users\Edgar\Documents\Fall '15\CIS 17C\VS ProjectFolder\Minesweeper2\Debug\Minesweeper2.lib" /MACHINE:X86 Debug\Minesweeper2.exe.embed.manifest.res
         Debug\BinaryTree.obj
         Debug\main.obj
         Debug\Minefield.obj
         Minesweeper2.vcxproj -> C:\Users\Edgar\Documents\Fall '15\CIS 17C\VS ProjectFolder\Minesweeper2\Debug\Minesweeper2.exe
       FinalizeBuildStatus:
         Deleting file "Debug\Minesweeper2.unsuccessfulbuild".
         Touching "Debug\Minesweeper2.lastbuildstate".
     1>Done Building Project "C:\Users\Edgar\Documents\Fall '15\CIS 17C\VS ProjectFolder\Minesweeper2\Minesweeper2\Minesweeper2.vcxproj" (rebuild target(s)).

Build succeeded.

Time Elapsed 00:00:06.40
