C:\USERS\EDGAR\DOCUMENTS\FALL '15\CIS 17C\VS PROJECTFOLDER\FINALWEIGHTEDGRAPH2\DEBUG\FINALWEIGHTEDGRAPH2.EXE
C:\USERS\EDGAR\DOCUMENTS\FALL '15\CIS 17C\VS PROJECTFOLDER\FINALWEIGHTEDGRAPH2\DEBUG\FINALWEIGHTEDGRAPH2.ILK
C:\USERS\EDGAR\DOCUMENTS\FALL '15\CIS 17C\VS PROJECTFOLDER\FINALWEIGHTEDGRAPH2\DEBUG\FINALWEIGHTEDGRAPH2.PDB
C:\Users\Edgar\Documents\Fall '15\CIS 17C\VS ProjectFolder\FinalWeightedGraph2\FinalWeightedGraph2\Debug\cl.command.1.tlog
C:\Users\Edgar\Documents\Fall '15\CIS 17C\VS ProjectFolder\FinalWeightedGraph2\FinalWeightedGraph2\Debug\CL.read.1.tlog
C:\Users\Edgar\Documents\Fall '15\CIS 17C\VS ProjectFolder\FinalWeightedGraph2\FinalWeightedGraph2\Debug\CL.write.1.tlog
C:\USERS\EDGAR\DOCUMENTS\FALL '15\CIS 17C\VS PROJECTFOLDER\FINALWEIGHTEDGRAPH2\FINALWEIGHTEDGRAPH2\DEBUG\FINALWEIGHTEDGRAPH2.EXE.EMBED.MANIFEST
C:\USERS\EDGAR\DOCUMENTS\FALL '15\CIS 17C\VS PROJECTFOLDER\FINALWEIGHTEDGRAPH2\FINALWEIGHTEDGRAPH2\DEBUG\FINALWEIGHTEDGRAPH2.EXE.EMBED.MANIFEST.RES
C:\USERS\EDGAR\DOCUMENTS\FALL '15\CIS 17C\VS PROJECTFOLDER\FINALWEIGHTEDGRAPH2\FINALWEIGHTEDGRAPH2\DEBUG\FINALWEIGHTEDGRAPH2.EXE.INTERMEDIATE.MANIFEST
C:\Users\Edgar\Documents\Fall '15\CIS 17C\VS ProjectFolder\FinalWeightedGraph2\FinalWeightedGraph2\Debug\FinalWeightedGraph2.write.1.tlog
C:\Users\Edgar\Documents\Fall '15\CIS 17C\VS ProjectFolder\FinalWeightedGraph2\FinalWeightedGraph2\Debug\FinalWeightedGraph2_manifest.rc
C:\Users\Edgar\Documents\Fall '15\CIS 17C\VS ProjectFolder\FinalWeightedGraph2\FinalWeightedGraph2\Debug\link.2260.read.1.tlog
C:\Users\Edgar\Documents\Fall '15\CIS 17C\VS ProjectFolder\FinalWeightedGraph2\FinalWeightedGraph2\Debug\link.2260.write.1.tlog
C:\Users\Edgar\Documents\Fall '15\CIS 17C\VS ProjectFolder\FinalWeightedGraph2\FinalWeightedGraph2\Debug\link.2260-cvtres.read.1.tlog
C:\Users\Edgar\Documents\Fall '15\CIS 17C\VS ProjectFolder\FinalWeightedGraph2\FinalWeightedGraph2\Debug\link.2260-cvtres.write.1.tlog
C:\Users\Edgar\Documents\Fall '15\CIS 17C\VS ProjectFolder\FinalWeightedGraph2\FinalWeightedGraph2\Debug\link.command.1.tlog
C:\Users\Edgar\Documents\Fall '15\CIS 17C\VS ProjectFolder\FinalWeightedGraph2\FinalWeightedGraph2\Debug\link.read.1.tlog
C:\Users\Edgar\Documents\Fall '15\CIS 17C\VS ProjectFolder\FinalWeightedGraph2\FinalWeightedGraph2\Debug\link.write.1.tlog
C:\Users\Edgar\Documents\Fall '15\CIS 17C\VS ProjectFolder\FinalWeightedGraph2\FinalWeightedGraph2\Debug\link-cvtres.read.1.tlog
C:\Users\Edgar\Documents\Fall '15\CIS 17C\VS ProjectFolder\FinalWeightedGraph2\FinalWeightedGraph2\Debug\link-cvtres.write.1.tlog
C:\USERS\EDGAR\DOCUMENTS\FALL '15\CIS 17C\VS PROJECTFOLDER\FINALWEIGHTEDGRAPH2\FINALWEIGHTEDGRAPH2\DEBUG\MAIN.OBJ
C:\Users\Edgar\Documents\Fall '15\CIS 17C\VS ProjectFolder\FinalWeightedGraph2\FinalWeightedGraph2\Debug\mt.command.1.tlog
C:\Users\Edgar\Documents\Fall '15\CIS 17C\VS ProjectFolder\FinalWeightedGraph2\FinalWeightedGraph2\Debug\mt.read.1.tlog
C:\Users\Edgar\Documents\Fall '15\CIS 17C\VS ProjectFolder\FinalWeightedGraph2\FinalWeightedGraph2\Debug\mt.write.1.tlog
C:\Users\Edgar\Documents\Fall '15\CIS 17C\VS ProjectFolder\FinalWeightedGraph2\FinalWeightedGraph2\Debug\rc.command.1.tlog
C:\Users\Edgar\Documents\Fall '15\CIS 17C\VS ProjectFolder\FinalWeightedGraph2\FinalWeightedGraph2\Debug\rc.read.1.tlog
C:\Users\Edgar\Documents\Fall '15\CIS 17C\VS ProjectFolder\FinalWeightedGraph2\FinalWeightedGraph2\Debug\rc.write.1.tlog
C:\Users\Edgar\Documents\Fall '15\CIS 17C\VS ProjectFolder\FinalWeightedGraph2\FinalWeightedGraph2\Debug\vc100.idb
C:\USERS\EDGAR\DOCUMENTS\FALL '15\CIS 17C\VS PROJECTFOLDER\FINALWEIGHTEDGRAPH2\FINALWEIGHTEDGRAPH2\DEBUG\VC100.PDB
