C:\USERS\EDGAR\DOCUMENTS\FALL '15\CIS 17C\VS PROJECTFOLDER\A5PART2_VECTORLINKEDLIST\A5PART2_VECTORLINKEDLIST\DEBUG\A5PART2_VECTORLINKEDLIST.EXE.EMBED.MANIFEST
C:\USERS\EDGAR\DOCUMENTS\FALL '15\CIS 17C\VS PROJECTFOLDER\A5PART2_VECTORLINKEDLIST\A5PART2_VECTORLINKEDLIST\DEBUG\A5PART2_VECTORLINKEDLIST.EXE.EMBED.MANIFEST.RES
C:\USERS\EDGAR\DOCUMENTS\FALL '15\CIS 17C\VS PROJECTFOLDER\A5PART2_VECTORLINKEDLIST\A5PART2_VECTORLINKEDLIST\DEBUG\A5PART2_VECTORLINKEDLIST.EXE.INTERMEDIATE.MANIFEST
C:\Users\Edgar\Documents\Fall '15\CIS 17C\VS ProjectFolder\A5Part2_VectorLinkedList\A5Part2_VectorLinkedList\Debug\A5Part2_VectorLinkedList.vcxprojResolveAssemblyReference.cache
C:\Users\Edgar\Documents\Fall '15\CIS 17C\VS ProjectFolder\A5Part2_VectorLinkedList\A5Part2_VectorLinkedList\Debug\A5Part2_VectorLinkedList.write.1.tlog
C:\Users\Edgar\Documents\Fall '15\CIS 17C\VS ProjectFolder\A5Part2_VectorLinkedList\A5Part2_VectorLinkedList\Debug\A5Part2_VectorLinkedList_manifest.rc
C:\Users\Edgar\Documents\Fall '15\CIS 17C\VS ProjectFolder\A5Part2_VectorLinkedList\A5Part2_VectorLinkedList\Debug\cl.command.1.tlog
C:\Users\Edgar\Documents\Fall '15\CIS 17C\VS ProjectFolder\A5Part2_VectorLinkedList\A5Part2_VectorLinkedList\Debug\CL.read.1.tlog
C:\Users\Edgar\Documents\Fall '15\CIS 17C\VS ProjectFolder\A5Part2_VectorLinkedList\A5Part2_VectorLinkedList\Debug\CL.write.1.tlog
C:\Users\Edgar\Documents\Fall '15\CIS 17C\VS ProjectFolder\A5Part2_VectorLinkedList\A5Part2_VectorLinkedList\Debug\link.920.read.1.tlog
C:\Users\Edgar\Documents\Fall '15\CIS 17C\VS ProjectFolder\A5Part2_VectorLinkedList\A5Part2_VectorLinkedList\Debug\link.920.write.1.tlog
C:\Users\Edgar\Documents\Fall '15\CIS 17C\VS ProjectFolder\A5Part2_VectorLinkedList\A5Part2_VectorLinkedList\Debug\link.920-cvtres.read.1.tlog
C:\Users\Edgar\Documents\Fall '15\CIS 17C\VS ProjectFolder\A5Part2_VectorLinkedList\A5Part2_VectorLinkedList\Debug\link.920-cvtres.write.1.tlog
C:\Users\Edgar\Documents\Fall '15\CIS 17C\VS ProjectFolder\A5Part2_VectorLinkedList\A5Part2_VectorLinkedList\Debug\link.command.1.tlog
C:\Users\Edgar\Documents\Fall '15\CIS 17C\VS ProjectFolder\A5Part2_VectorLinkedList\A5Part2_VectorLinkedList\Debug\link.read.1.tlog
C:\Users\Edgar\Documents\Fall '15\CIS 17C\VS ProjectFolder\A5Part2_VectorLinkedList\A5Part2_VectorLinkedList\Debug\link.write.1.tlog
C:\Users\Edgar\Documents\Fall '15\CIS 17C\VS ProjectFolder\A5Part2_VectorLinkedList\A5Part2_VectorLinkedList\Debug\link-cvtres.read.1.tlog
C:\Users\Edgar\Documents\Fall '15\CIS 17C\VS ProjectFolder\A5Part2_VectorLinkedList\A5Part2_VectorLinkedList\Debug\link-cvtres.write.1.tlog
C:\USERS\EDGAR\DOCUMENTS\FALL '15\CIS 17C\VS PROJECTFOLDER\A5PART2_VECTORLINKEDLIST\A5PART2_VECTORLINKEDLIST\DEBUG\MAIN.OBJ
C:\Users\Edgar\Documents\Fall '15\CIS 17C\VS ProjectFolder\A5Part2_VectorLinkedList\A5Part2_VectorLinkedList\Debug\mt.command.1.tlog
C:\Users\Edgar\Documents\Fall '15\CIS 17C\VS ProjectFolder\A5Part2_VectorLinkedList\A5Part2_VectorLinkedList\Debug\mt.read.1.tlog
C:\Users\Edgar\Documents\Fall '15\CIS 17C\VS ProjectFolder\A5Part2_VectorLinkedList\A5Part2_VectorLinkedList\Debug\mt.write.1.tlog
C:\Users\Edgar\Documents\Fall '15\CIS 17C\VS ProjectFolder\A5Part2_VectorLinkedList\A5Part2_VectorLinkedList\Debug\rc.command.1.tlog
C:\Users\Edgar\Documents\Fall '15\CIS 17C\VS ProjectFolder\A5Part2_VectorLinkedList\A5Part2_VectorLinkedList\Debug\rc.read.1.tlog
C:\Users\Edgar\Documents\Fall '15\CIS 17C\VS ProjectFolder\A5Part2_VectorLinkedList\A5Part2_VectorLinkedList\Debug\rc.write.1.tlog
C:\Users\Edgar\Documents\Fall '15\CIS 17C\VS ProjectFolder\A5Part2_VectorLinkedList\A5Part2_VectorLinkedList\Debug\vc100.idb
C:\USERS\EDGAR\DOCUMENTS\FALL '15\CIS 17C\VS PROJECTFOLDER\A5PART2_VECTORLINKEDLIST\A5PART2_VECTORLINKEDLIST\DEBUG\VC100.PDB
C:\USERS\EDGAR\DOCUMENTS\FALL '15\CIS 17C\VS PROJECTFOLDER\A5PART2_VECTORLINKEDLIST\DEBUG\A5PART2_VECTORLINKEDLIST.EXE
C:\USERS\EDGAR\DOCUMENTS\FALL '15\CIS 17C\VS PROJECTFOLDER\A5PART2_VECTORLINKEDLIST\DEBUG\A5PART2_VECTORLINKEDLIST.ILK
C:\USERS\EDGAR\DOCUMENTS\FALL '15\CIS 17C\VS PROJECTFOLDER\A5PART2_VECTORLINKEDLIST\DEBUG\A5PART2_VECTORLINKEDLIST.PDB
